<?xml version="1.0" encoding="UTF-8"?>
<!-- Generated by org.testng.reporters.JUnitReportReporter -->
<testsuite hostname="DESKTOP-NFKBITM" failures="0" tests="4" name="paralleltestingusingdataprovider.testclasses.TestClassForLoadTesting" time="175.255" errors="0" timestamp="2025-07-20T15:49:27 IST" skipped="0">
  <testcase classname="paralleltestingusingdataprovider.testclasses.TestClassForLoadTesting" name="checkMyOrders" time="27.854"/>
  <testcase classname="paralleltestingusingdataprovider.testclasses.TestClassForLoadTesting" name="shopping" time="60.372"/>
  <testcase classname="paralleltestingusingdataprovider.testclasses.TestClassForLoadTesting" name="shopping" time="58.829"/>
  <testcase classname="paralleltestingusingdataprovider.testclasses.TestClassForLoadTesting" name="checkMyOrders" time="28.200"/>
</testsuite> <!-- paralleltestingusingdataprovider.testclasses.TestClassForLoadTesting -->
