<?xml version="1.0" encoding="UTF-8"?>
<!-- Generated by org.testng.reporters.JUnitReportReporter -->
<testsuite hostname="DESKTOP-NFKBITM" failures="0" tests="6" name="paralleltestingusingdataprovider.testclasses.TestFromDataBase" time="197.333" errors="0" timestamp="2025-07-26T21:41:05 IST" skipped="0">
  <testcase classname="paralleltestingusingdataprovider.testclasses.TestFromDataBase" name="checkMyOrders" time="20.564"/>
  <testcase classname="paralleltestingusingdataprovider.testclasses.TestFromDataBase" name="shopping" time="48.110"/>
  <testcase classname="paralleltestingusingdataprovider.testclasses.TestFromDataBase" name="shopping" time="41.592"/>
  <testcase classname="paralleltestingusingdataprovider.testclasses.TestFromDataBase" name="checkMyOrders" time="20.002"/>
  <testcase classname="paralleltestingusingdataprovider.testclasses.TestFromDataBase" name="checkMyOrders" time="22.185"/>
  <testcase classname="paralleltestingusingdataprovider.testclasses.TestFromDataBase" name="shopping" time="44.880"/>
</testsuite> <!-- paralleltestingusingdataprovider.testclasses.TestFromDataBase -->
