<?xml version="1.0" encoding="UTF-8"?>
<!-- Generated by org.testng.reporters.JUnitReportReporter -->
<testsuite hostname="DESKTOP-NFKBITM" failures="0" tests="6" name="paralleltestingusingdataprovider.testclasses.TestClassForLoadTesting" time="320.819" errors="0" timestamp="2025-07-26T21:32:50 IST" skipped="0">
  <testcase classname="paralleltestingusingdataprovider.testclasses.TestClassForLoadTesting" name="shopping" time="62.531"/>
  <testcase classname="paralleltestingusingdataprovider.testclasses.TestClassForLoadTesting" name="checkMyOrders" time="38.291"/>
  <testcase classname="paralleltestingusingdataprovider.testclasses.TestClassForLoadTesting" name="checkMyOrders" time="43.418"/>
  <testcase classname="paralleltestingusingdataprovider.testclasses.TestClassForLoadTesting" name="shopping" time="64.863"/>
  <testcase classname="paralleltestingusingdataprovider.testclasses.TestClassForLoadTesting" name="checkMyOrders" time="34.957"/>
  <testcase classname="paralleltestingusingdataprovider.testclasses.TestClassForLoadTesting" name="shopping" time="76.759"/>
</testsuite> <!-- paralleltestingusingdataprovider.testclasses.TestClassForLoadTesting -->
