<?xml version="1.0" encoding="UTF-8"?>
<!-- Generated by org.testng.reporters.JUnitReportReporter -->
<testsuite hostname="DESKTOP-NFKBITM" failures="0" tests="6" name="paralleltestingusingdataprovider.testclasses.TestClassMain" time="218.463" errors="0" timestamp="2025-07-26T21:05:40 IST" skipped="0">
  <testcase classname="paralleltestingusingdataprovider.testclasses.TestClassMain" name="checkMyOrders" time="23.087"/>
  <testcase classname="paralleltestingusingdataprovider.testclasses.TestClassMain" name="shopping" time="50.991"/>
  <testcase classname="paralleltestingusingdataprovider.testclasses.TestClassMain" name="checkMyOrders" time="23.835"/>
  <testcase classname="paralleltestingusingdataprovider.testclasses.TestClassMain" name="shopping" time="52.207"/>
  <testcase classname="paralleltestingusingdataprovider.testclasses.TestClassMain" name="shopping" time="43.503"/>
  <testcase classname="paralleltestingusingdataprovider.testclasses.TestClassMain" name="checkMyOrders" time="24.840"/>
</testsuite> <!-- paralleltestingusingdataprovider.testclasses.TestClassMain -->
